<?xml version="1.0" encoding="UTF-8"?>
<testsuite xmlns:xsi="http://www.w3.org/2001/XMLSchema-instance" xsi:noNamespaceSchemaLocation="https://maven.apache.org/surefire/maven-surefire-plugin/xsd/surefire-test-report-3.0.xsd" version="3.0" name="com.example.AppTest" time="0.058" tests="1" errors="0" skipped="0" failures="0">
  <properties>
    <property name="java.specification.version" value="22"/>
    <property name="sun.jnu.encoding" value="UTF-8"/>
    <property name="java.class.path" value="/Users/abc/Desktop/JOB/OSU PDF/LATEST_CDK/PDF_Accessability/lambda/java_lambda/PDFMergerLambda/target/test-classes:/Users/abc/Desktop/JOB/OSU PDF/LATEST_CDK/PDF_Accessability/lambda/java_lambda/PDFMergerLambda/target/classes:/Users/abc/.m2/repository/software/amazon/awssdk/cloudwatch/2.20.0/cloudwatch-2.20.0.jar:/Users/abc/.m2/repository/software/amazon/awssdk/aws-query-protocol/2.20.0/aws-query-protocol-2.20.0.jar:/Users/abc/.m2/repository/software/amazon/awssdk/protocol-core/2.20.0/protocol-core-2.20.0.jar:/Users/abc/.m2/repository/software/amazon/awssdk/sdk-core/2.20.0/sdk-core-2.20.0.jar:/Users/abc/.m2/repository/software/amazon/awssdk/profiles/2.20.0/profiles-2.20.0.jar:/Users/abc/.m2/repository/org/reactivestreams/reactive-streams/1.0.3/reactive-streams-1.0.3.jar:/Users/abc/.m2/repository/software/amazon/awssdk/auth/2.20.0/auth-2.20.0.jar:/Users/abc/.m2/repository/software/amazon/eventstream/eventstream/1.0.1/eventstream-1.0.1.jar:/Users/abc/.m2/repository/software/amazon/awssdk/http-client-spi/2.20.0/http-client-spi-2.20.0.jar:/Users/abc/.m2/repository/software/amazon/awssdk/regions/2.20.0/regions-2.20.0.jar:/Users/abc/.m2/repository/software/amazon/awssdk/annotations/2.20.0/annotations-2.20.0.jar:/Users/abc/.m2/repository/software/amazon/awssdk/utils/2.20.0/utils-2.20.0.jar:/Users/abc/.m2/repository/software/amazon/awssdk/aws-core/2.20.0/aws-core-2.20.0.jar:/Users/abc/.m2/repository/software/amazon/awssdk/metrics-spi/2.20.0/metrics-spi-2.20.0.jar:/Users/abc/.m2/repository/software/amazon/awssdk/json-utils/2.20.0/json-utils-2.20.0.jar:/Users/abc/.m2/repository/software/amazon/awssdk/third-party-jackson-core/2.20.0/third-party-jackson-core-2.20.0.jar:/Users/abc/.m2/repository/software/amazon/awssdk/endpoints-spi/2.20.0/endpoints-spi-2.20.0.jar:/Users/abc/.m2/repository/software/amazon/awssdk/apache-client/2.20.0/apache-client-2.20.0.jar:/Users/abc/.m2/repository/org/apache/httpcomponents/httpclient/4.5.13/httpclient-4.5.13.jar:/Users/abc/.m2/repository/org/apache/httpcomponents/httpcore/4.4.13/httpcore-4.4.13.jar:/Users/abc/.m2/repository/software/amazon/awssdk/netty-nio-client/2.20.0/netty-nio-client-2.20.0.jar:/Users/abc/.m2/repository/io/netty/netty-codec-http/4.1.86.Final/netty-codec-http-4.1.86.Final.jar:/Users/abc/.m2/repository/io/netty/netty-codec-http2/4.1.86.Final/netty-codec-http2-4.1.86.Final.jar:/Users/abc/.m2/repository/io/netty/netty-codec/4.1.86.Final/netty-codec-4.1.86.Final.jar:/Users/abc/.m2/repository/io/netty/netty-transport/4.1.86.Final/netty-transport-4.1.86.Final.jar:/Users/abc/.m2/repository/io/netty/netty-resolver/4.1.86.Final/netty-resolver-4.1.86.Final.jar:/Users/abc/.m2/repository/io/netty/netty-common/4.1.86.Final/netty-common-4.1.86.Final.jar:/Users/abc/.m2/repository/io/netty/netty-buffer/4.1.86.Final/netty-buffer-4.1.86.Final.jar:/Users/abc/.m2/repository/io/netty/netty-handler/4.1.86.Final/netty-handler-4.1.86.Final.jar:/Users/abc/.m2/repository/io/netty/netty-transport-native-unix-common/4.1.86.Final/netty-transport-native-unix-common-4.1.86.Final.jar:/Users/abc/.m2/repository/io/netty/netty-transport-classes-epoll/4.1.86.Final/netty-transport-classes-epoll-4.1.86.Final.jar:/Users/abc/.m2/repository/org/json/json/20230227/json-20230227.jar:/Users/abc/.m2/repository/ch/qos/logback/logback-classic/1.2.11/logback-classic-1.2.11.jar:/Users/abc/.m2/repository/ch/qos/logback/logback-core/1.2.11/logback-core-1.2.11.jar:/Users/abc/.m2/repository/org/slf4j/slf4j-api/1.7.32/slf4j-api-1.7.32.jar:/Users/abc/.m2/repository/com/amazonaws/aws-java-sdk-logs/1.12.400/aws-java-sdk-logs-1.12.400.jar:/Users/abc/.m2/repository/com/amazonaws/aws-java-sdk-core/1.12.400/aws-java-sdk-core-1.12.400.jar:/Users/abc/.m2/repository/commons-codec/commons-codec/1.15/commons-codec-1.15.jar:/Users/abc/.m2/repository/software/amazon/ion/ion-java/1.0.2/ion-java-1.0.2.jar:/Users/abc/.m2/repository/com/fasterxml/jackson/core/jackson-databind/2.12.7.1/jackson-databind-2.12.7.1.jar:/Users/abc/.m2/repository/com/fasterxml/jackson/core/jackson-annotations/2.12.7/jackson-annotations-2.12.7.jar:/Users/abc/.m2/repository/com/fasterxml/jackson/core/jackson-core/2.12.7/jackson-core-2.12.7.jar:/Users/abc/.m2/repository/com/fasterxml/jackson/dataformat/jackson-dataformat-cbor/2.12.6/jackson-dataformat-cbor-2.12.6.jar:/Users/abc/.m2/repository/com/amazonaws/jmespath-java/1.12.400/jmespath-java-1.12.400.jar:/Users/abc/.m2/repository/com/amazonaws/aws-java-sdk-cloudwatch/1.12.400/aws-java-sdk-cloudwatch-1.12.400.jar:/Users/abc/.m2/repository/junit/junit/3.8.1/junit-3.8.1.jar:/Users/abc/.m2/repository/org/apache/pdfbox/pdfbox/2.0.27/pdfbox-2.0.27.jar:/Users/abc/.m2/repository/org/apache/pdfbox/fontbox/2.0.27/fontbox-2.0.27.jar:/Users/abc/.m2/repository/commons-logging/commons-logging/1.2/commons-logging-1.2.jar:/Users/abc/.m2/repository/com/amazonaws/aws-java-sdk-s3/1.12.537/aws-java-sdk-s3-1.12.537.jar:/Users/abc/.m2/repository/com/amazonaws/aws-java-sdk-kms/1.12.537/aws-java-sdk-kms-1.12.537.jar:/Users/abc/.m2/repository/com/amazonaws/aws-lambda-java-core/1.2.2/aws-lambda-java-core-1.2.2.jar:/Users/abc/.m2/repository/com/amazonaws/aws-lambda-java-events/3.11.1/aws-lambda-java-events-3.11.1.jar:/Users/abc/.m2/repository/joda-time/joda-time/2.10.8/joda-time-2.10.8.jar:"/>
    <property name="java.vm.vendor" value="Homebrew"/>
    <property name="sun.arch.data.model" value="64"/>
    <property name="java.vendor.url" value="https://github.com/Homebrew/homebrew-core/issues"/>
    <property name="os.name" value="Mac OS X"/>
    <property name="java.vm.specification.version" value="22"/>
    <property name="sun.java.launcher" value="SUN_STANDARD"/>
    <property name="user.country" value="IN"/>
    <property name="sun.boot.library.path" value="/usr/local/Cellar/openjdk/22.0.2/libexec/openjdk.jdk/Contents/Home/lib"/>
    <property name="sun.java.command" value="/Users/abc/Desktop/JOB/OSU PDF/LATEST_CDK/PDF_Accessability/lambda/java_lambda/PDFMergerLambda/target/surefire/surefirebooter-20241122154222723_3.jar /Users/abc/Desktop/JOB/OSU PDF/LATEST_CDK/PDF_Accessability/lambda/java_lambda/PDFMergerLambda/target/surefire 2024-11-22T15-42-22_588-jvmRun1 surefire-20241122154222723_1tmp surefire_0-20241122154222723_2tmp"/>
    <property name="http.nonProxyHosts" value="local|*.local|169.254/16|*.169.254/16"/>
    <property name="jdk.debug" value="release"/>
    <property name="surefire.test.class.path" value="/Users/abc/Desktop/JOB/OSU PDF/LATEST_CDK/PDF_Accessability/lambda/java_lambda/PDFMergerLambda/target/test-classes:/Users/abc/Desktop/JOB/OSU PDF/LATEST_CDK/PDF_Accessability/lambda/java_lambda/PDFMergerLambda/target/classes:/Users/abc/.m2/repository/software/amazon/awssdk/cloudwatch/2.20.0/cloudwatch-2.20.0.jar:/Users/abc/.m2/repository/software/amazon/awssdk/aws-query-protocol/2.20.0/aws-query-protocol-2.20.0.jar:/Users/abc/.m2/repository/software/amazon/awssdk/protocol-core/2.20.0/protocol-core-2.20.0.jar:/Users/abc/.m2/repository/software/amazon/awssdk/sdk-core/2.20.0/sdk-core-2.20.0.jar:/Users/abc/.m2/repository/software/amazon/awssdk/profiles/2.20.0/profiles-2.20.0.jar:/Users/abc/.m2/repository/org/reactivestreams/reactive-streams/1.0.3/reactive-streams-1.0.3.jar:/Users/abc/.m2/repository/software/amazon/awssdk/auth/2.20.0/auth-2.20.0.jar:/Users/abc/.m2/repository/software/amazon/eventstream/eventstream/1.0.1/eventstream-1.0.1.jar:/Users/abc/.m2/repository/software/amazon/awssdk/http-client-spi/2.20.0/http-client-spi-2.20.0.jar:/Users/abc/.m2/repository/software/amazon/awssdk/regions/2.20.0/regions-2.20.0.jar:/Users/abc/.m2/repository/software/amazon/awssdk/annotations/2.20.0/annotations-2.20.0.jar:/Users/abc/.m2/repository/software/amazon/awssdk/utils/2.20.0/utils-2.20.0.jar:/Users/abc/.m2/repository/software/amazon/awssdk/aws-core/2.20.0/aws-core-2.20.0.jar:/Users/abc/.m2/repository/software/amazon/awssdk/metrics-spi/2.20.0/metrics-spi-2.20.0.jar:/Users/abc/.m2/repository/software/amazon/awssdk/json-utils/2.20.0/json-utils-2.20.0.jar:/Users/abc/.m2/repository/software/amazon/awssdk/third-party-jackson-core/2.20.0/third-party-jackson-core-2.20.0.jar:/Users/abc/.m2/repository/software/amazon/awssdk/endpoints-spi/2.20.0/endpoints-spi-2.20.0.jar:/Users/abc/.m2/repository/software/amazon/awssdk/apache-client/2.20.0/apache-client-2.20.0.jar:/Users/abc/.m2/repository/org/apache/httpcomponents/httpclient/4.5.13/httpclient-4.5.13.jar:/Users/abc/.m2/repository/org/apache/httpcomponents/httpcore/4.4.13/httpcore-4.4.13.jar:/Users/abc/.m2/repository/software/amazon/awssdk/netty-nio-client/2.20.0/netty-nio-client-2.20.0.jar:/Users/abc/.m2/repository/io/netty/netty-codec-http/4.1.86.Final/netty-codec-http-4.1.86.Final.jar:/Users/abc/.m2/repository/io/netty/netty-codec-http2/4.1.86.Final/netty-codec-http2-4.1.86.Final.jar:/Users/abc/.m2/repository/io/netty/netty-codec/4.1.86.Final/netty-codec-4.1.86.Final.jar:/Users/abc/.m2/repository/io/netty/netty-transport/4.1.86.Final/netty-transport-4.1.86.Final.jar:/Users/abc/.m2/repository/io/netty/netty-resolver/4.1.86.Final/netty-resolver-4.1.86.Final.jar:/Users/abc/.m2/repository/io/netty/netty-common/4.1.86.Final/netty-common-4.1.86.Final.jar:/Users/abc/.m2/repository/io/netty/netty-buffer/4.1.86.Final/netty-buffer-4.1.86.Final.jar:/Users/abc/.m2/repository/io/netty/netty-handler/4.1.86.Final/netty-handler-4.1.86.Final.jar:/Users/abc/.m2/repository/io/netty/netty-transport-native-unix-common/4.1.86.Final/netty-transport-native-unix-common-4.1.86.Final.jar:/Users/abc/.m2/repository/io/netty/netty-transport-classes-epoll/4.1.86.Final/netty-transport-classes-epoll-4.1.86.Final.jar:/Users/abc/.m2/repository/org/json/json/20230227/json-20230227.jar:/Users/abc/.m2/repository/ch/qos/logback/logback-classic/1.2.11/logback-classic-1.2.11.jar:/Users/abc/.m2/repository/ch/qos/logback/logback-core/1.2.11/logback-core-1.2.11.jar:/Users/abc/.m2/repository/org/slf4j/slf4j-api/1.7.32/slf4j-api-1.7.32.jar:/Users/abc/.m2/repository/com/amazonaws/aws-java-sdk-logs/1.12.400/aws-java-sdk-logs-1.12.400.jar:/Users/abc/.m2/repository/com/amazonaws/aws-java-sdk-core/1.12.400/aws-java-sdk-core-1.12.400.jar:/Users/abc/.m2/repository/commons-codec/commons-codec/1.15/commons-codec-1.15.jar:/Users/abc/.m2/repository/software/amazon/ion/ion-java/1.0.2/ion-java-1.0.2.jar:/Users/abc/.m2/repository/com/fasterxml/jackson/core/jackson-databind/2.12.7.1/jackson-databind-2.12.7.1.jar:/Users/abc/.m2/repository/com/fasterxml/jackson/core/jackson-annotations/2.12.7/jackson-annotations-2.12.7.jar:/Users/abc/.m2/repository/com/fasterxml/jackson/core/jackson-core/2.12.7/jackson-core-2.12.7.jar:/Users/abc/.m2/repository/com/fasterxml/jackson/dataformat/jackson-dataformat-cbor/2.12.6/jackson-dataformat-cbor-2.12.6.jar:/Users/abc/.m2/repository/com/amazonaws/jmespath-java/1.12.400/jmespath-java-1.12.400.jar:/Users/abc/.m2/repository/com/amazonaws/aws-java-sdk-cloudwatch/1.12.400/aws-java-sdk-cloudwatch-1.12.400.jar:/Users/abc/.m2/repository/junit/junit/3.8.1/junit-3.8.1.jar:/Users/abc/.m2/repository/org/apache/pdfbox/pdfbox/2.0.27/pdfbox-2.0.27.jar:/Users/abc/.m2/repository/org/apache/pdfbox/fontbox/2.0.27/fontbox-2.0.27.jar:/Users/abc/.m2/repository/commons-logging/commons-logging/1.2/commons-logging-1.2.jar:/Users/abc/.m2/repository/com/amazonaws/aws-java-sdk-s3/1.12.537/aws-java-sdk-s3-1.12.537.jar:/Users/abc/.m2/repository/com/amazonaws/aws-java-sdk-kms/1.12.537/aws-java-sdk-kms-1.12.537.jar:/Users/abc/.m2/repository/com/amazonaws/aws-lambda-java-core/1.2.2/aws-lambda-java-core-1.2.2.jar:/Users/abc/.m2/repository/com/amazonaws/aws-lambda-java-events/3.11.1/aws-lambda-java-events-3.11.1.jar:/Users/abc/.m2/repository/joda-time/joda-time/2.10.8/joda-time-2.10.8.jar:"/>
    <property name="sun.cpu.endian" value="little"/>
    <property name="user.home" value="/Users/abc"/>
    <property name="user.language" value="en"/>
    <property name="java.specification.vendor" value="Oracle Corporation"/>
    <property name="java.version.date" value="2024-07-16"/>
    <property name="java.home" value="/usr/local/Cellar/openjdk/22.0.2/libexec/openjdk.jdk/Contents/Home"/>
    <property name="file.separator" value="/"/>
    <property name="basedir" value="/Users/abc/Desktop/JOB/OSU PDF/LATEST_CDK/PDF_Accessability/lambda/java_lambda/PDFMergerLambda"/>
    <property name="java.vm.compressedOopsMode" value="Zero based"/>
    <property name="line.separator" value="&#10;"/>
    <property name="java.vm.specification.vendor" value="Oracle Corporation"/>
    <property name="java.specification.name" value="Java Platform API Specification"/>
    <property name="apple.awt.application.name" value="ForkedBooter"/>
    <property name="surefire.real.class.path" value="/Users/abc/Desktop/JOB/OSU PDF/LATEST_CDK/PDF_Accessability/lambda/java_lambda/PDFMergerLambda/target/surefire/surefirebooter-20241122154222723_3.jar"/>
    <property name="sun.management.compiler" value="HotSpot 64-Bit Tiered Compilers"/>
    <property name="ftp.nonProxyHosts" value="local|*.local|169.254/16|*.169.254/16"/>
    <property name="java.runtime.version" value="22.0.2"/>
    <property name="user.name" value="abc"/>
    <property name="stdout.encoding" value="UTF-8"/>
    <property name="path.separator" value=":"/>
    <property name="os.version" value="15.0"/>
    <property name="java.runtime.name" value="OpenJDK Runtime Environment"/>
    <property name="file.encoding" value="UTF-8"/>
    <property name="java.vm.name" value="OpenJDK 64-Bit Server VM"/>
    <property name="java.vendor.version" value="Homebrew"/>
    <property name="localRepository" value="/Users/abc/.m2/repository"/>
    <property name="java.vendor.url.bug" value="https://github.com/Homebrew/homebrew-core/issues"/>
    <property name="java.io.tmpdir" value="/var/folders/sg/k0qvrx9d46ldwnl18b5htnlm0000gn/T/"/>
    <property name="java.version" value="22.0.2"/>
    <property name="user.dir" value="/Users/abc/Desktop/JOB/OSU PDF/LATEST_CDK/PDF_Accessability/lambda/java_lambda/PDFMergerLambda"/>
    <property name="os.arch" value="x86_64"/>
    <property name="java.vm.specification.name" value="Java Virtual Machine Specification"/>
    <property name="native.encoding" value="UTF-8"/>
    <property name="java.library.path" value="/Users/abc/Library/Java/Extensions:/Library/Java/Extensions:/Network/Library/Java/Extensions:/System/Library/Java/Extensions:/usr/lib/java:."/>
    <property name="java.vm.info" value="mixed mode, sharing"/>
    <property name="stderr.encoding" value="UTF-8"/>
    <property name="java.vendor" value="Homebrew"/>
    <property name="java.vm.version" value="22.0.2"/>
    <property name="sun.io.unicode.encoding" value="UnicodeBig"/>
    <property name="socksNonProxyHosts" value="local|*.local|169.254/16|*.169.254/16"/>
    <property name="java.class.version" value="66.0"/>
  </properties>
  <testcase name="testApp" classname="com.example.AppTest" time="0.006"/>
</testsuite>